  [1m[35m (302.1ms)[0m  [1m[35mCREATE DATABASE "deals_app_api_development" ENCODING = 'unicode'[0m
  [1m[35m (190.3ms)[0m  [1m[35mCREATE DATABASE "deals_app_api_test" ENCODING = 'unicode'[0m
  [1m[35m (51.1ms)[0m  [1m[35mCREATE TABLE "schema_migrations" ("version" character varying NOT NULL PRIMARY KEY)[0m
  [1m[35m (6.5ms)[0m  [1m[35mCREATE TABLE "ar_internal_metadata" ("key" character varying NOT NULL PRIMARY KEY, "value" character varying, "created_at" timestamp(6) NOT NULL, "updated_at" timestamp(6) NOT NULL)[0m
  [1m[35m (1.1ms)[0m  [1m[34mSELECT pg_try_advisory_lock(6690879748540136520)[0m
  [1m[35m (0.8ms)[0m  [1m[34mSELECT "schema_migrations"."version" FROM "schema_migrations" ORDER BY "schema_migrations"."version" ASC[0m
Migrating to CreateDeals (20200924150256)
  [1m[35m (0.2ms)[0m  [1m[35mBEGIN[0m
  [1m[35m (19.8ms)[0m  [1m[35mCREATE TABLE "deals" ("id" bigserial primary key, "restaurant" character varying, "category" character varying, "content" character varying, "created_at" timestamp(6) NOT NULL, "updated_at" timestamp(6) NOT NULL)[0m
  [1m[36mprimary::SchemaMigration Create (0.8ms)[0m  [1m[32mINSERT INTO "schema_migrations" ("version") VALUES ($1) RETURNING "version"[0m  [["version", "20200924150256"]]
  [1m[35m (0.5ms)[0m  [1m[35mCOMMIT[0m
  [1m[36mActiveRecord::InternalMetadata Load (0.8ms)[0m  [1m[34mSELECT "ar_internal_metadata".* FROM "ar_internal_metadata" WHERE "ar_internal_metadata"."key" = $1 LIMIT $2[0m  [["key", "environment"], ["LIMIT", 1]]
  [1m[35m (0.1ms)[0m  [1m[35mBEGIN[0m
  [1m[36mActiveRecord::InternalMetadata Create (1.1ms)[0m  [1m[32mINSERT INTO "ar_internal_metadata" ("key", "value", "created_at", "updated_at") VALUES ($1, $2, $3, $4) RETURNING "key"[0m  [["key", "environment"], ["value", "development"], ["created_at", "2020-09-24 15:47:45.383670"], ["updated_at", "2020-09-24 15:47:45.383670"]]
  [1m[35m (0.5ms)[0m  [1m[35mCOMMIT[0m
  [1m[35m (0.3ms)[0m  [1m[34mSELECT pg_advisory_unlock(6690879748540136520)[0m
  [1m[35m (1.4ms)[0m  [1m[34mSELECT "schema_migrations"."version" FROM "schema_migrations" ORDER BY "schema_migrations"."version" ASC[0m
  [1m[35m (1.1ms)[0m  [1m[34mSELECT "schema_migrations"."version" FROM "schema_migrations" ORDER BY "schema_migrations"."version" ASC[0m
  [1m[35m (0.1ms)[0m  [1m[35mBEGIN[0m
  [1m[36mDeal Create (1.1ms)[0m  [1m[32mINSERT INTO "deals" ("restaurant", "category", "content", "created_at", "updated_at") VALUES ($1, $2, $3, $4, $5) RETURNING "id"[0m  [["restaurant", "McDonalds"], ["category", "Beverages"], ["content", "Buy any size soft drink for only $1"], ["created_at", "2020-09-24 15:48:13.260850"], ["updated_at", "2020-09-24 15:48:13.260850"]]
  [1m[35m (0.9ms)[0m  [1m[35mCOMMIT[0m
  [1m[35m (0.1ms)[0m  [1m[35mBEGIN[0m
  [1m[36mDeal Create (0.4ms)[0m  [1m[32mINSERT INTO "deals" ("restaurant", "category", "content", "created_at", "updated_at") VALUES ($1, $2, $3, $4, $5) RETURNING "id"[0m  [["restaurant", "Burger King"], ["category", "Burgers"], ["content", "BOGO whoppers, this week only!"], ["created_at", "2020-09-24 15:48:13.266934"], ["updated_at", "2020-09-24 15:48:13.266934"]]
  [1m[35m (0.3ms)[0m  [1m[35mCOMMIT[0m
  [1m[35m (0.2ms)[0m  [1m[35mBEGIN[0m
  [1m[36mDeal Create (0.3ms)[0m  [1m[32mINSERT INTO "deals" ("restaurant", "category", "content", "created_at", "updated_at") VALUES ($1, $2, $3, $4, $5) RETURNING "id"[0m  [["restaurant", "Arbys"], ["category", "Happy Hour"], ["content", "Sliders, small drinks, small fries, small milkshakes, and cookies all for $1 each."], ["created_at", "2020-09-24 15:48:13.271272"], ["updated_at", "2020-09-24 15:48:13.271272"]]
  [1m[35m (0.4ms)[0m  [1m[35mCOMMIT[0m
  [1m[35m (0.1ms)[0m  [1m[35mBEGIN[0m
  [1m[36mDeal Create (0.4ms)[0m  [1m[32mINSERT INTO "deals" ("restaurant", "category", "content", "created_at", "updated_at") VALUES ($1, $2, $3, $4, $5) RETURNING "id"[0m  [["restaurant", "Wendys"], ["category", "Meal Deal"], ["content", "Get a main item of your choosing, small fries, a four piece nugget, and a small drink for only $4"], ["created_at", "2020-09-24 15:48:13.276106"], ["updated_at", "2020-09-24 15:48:13.276106"]]
  [1m[35m (0.4ms)[0m  [1m[35mCOMMIT[0m
  [1m[35m (0.2ms)[0m  [1m[35mBEGIN[0m
  [1m[36mDeal Create (0.3ms)[0m  [1m[32mINSERT INTO "deals" ("restaurant", "category", "content", "created_at", "updated_at") VALUES ($1, $2, $3, $4, $5) RETURNING "id"[0m  [["restaurant", "Taco Bell"], ["category", "Meal Deal"], ["content", "Ask about all of our $5 boxes at any of our locations"], ["created_at", "2020-09-24 15:48:13.280741"], ["updated_at", "2020-09-24 15:48:13.280741"]]
  [1m[35m (0.4ms)[0m  [1m[35mCOMMIT[0m
Started GET "/deals" for ::1 at 2020-09-24 11:51:50 -0400
  [1m[35m (1.2ms)[0m  [1m[34mSELECT "schema_migrations"."version" FROM "schema_migrations" ORDER BY "schema_migrations"."version" ASC[0m
Processing by DealsController#index as HTML
  [1m[36mDeal Load (2.4ms)[0m  [1m[34mSELECT "deals".* FROM "deals"[0m
  ↳ app/controllers/deals_controller.rb:8:in `index'
Completed 200 OK in 157ms (Views: 54.8ms | ActiveRecord: 78.0ms | Allocations: 5419)


Started GET "/deals" for ::1 at 2020-09-24 13:28:45 -0400
Processing by DealsController#index as HTML
  [1m[36mDeal Load (2.9ms)[0m  [1m[34mSELECT "deals".* FROM "deals"[0m
  ↳ app/controllers/deals_controller.rb:8:in `index'
Completed 200 OK in 15ms (Views: 10.1ms | ActiveRecord: 2.9ms | Allocations: 1517)


Started GET "/deals" for ::1 at 2020-09-24 13:40:25 -0400
Processing by DealsController#index as */*
  [1m[36mDeal Load (1.0ms)[0m  [1m[34mSELECT "deals".* FROM "deals"[0m
  ↳ app/controllers/deals_controller.rb:8:in `index'
Completed 200 OK in 4ms (Views: 2.8ms | ActiveRecord: 1.0ms | Allocations: 1519)


Started OPTIONS "/deals" for ::1 at 2020-09-24 13:41:44 -0400
  
ActionController::RoutingError (No route matches [OPTIONS] "/deals"):
  
actionpack (6.0.3.3) lib/action_dispatch/middleware/debug_exceptions.rb:36:in `call'
actionpack (6.0.3.3) lib/action_dispatch/middleware/show_exceptions.rb:33:in `call'
railties (6.0.3.3) lib/rails/rack/logger.rb:37:in `call_app'
railties (6.0.3.3) lib/rails/rack/logger.rb:26:in `block in call'
activesupport (6.0.3.3) lib/active_support/tagged_logging.rb:80:in `block in tagged'
activesupport (6.0.3.3) lib/active_support/tagged_logging.rb:28:in `tagged'
activesupport (6.0.3.3) lib/active_support/tagged_logging.rb:80:in `tagged'
railties (6.0.3.3) lib/rails/rack/logger.rb:26:in `call'
actionpack (6.0.3.3) lib/action_dispatch/middleware/remote_ip.rb:81:in `call'
actionpack (6.0.3.3) lib/action_dispatch/middleware/request_id.rb:27:in `call'
rack (2.2.3) lib/rack/runtime.rb:22:in `call'
activesupport (6.0.3.3) lib/active_support/cache/strategy/local_cache_middleware.rb:29:in `call'
actionpack (6.0.3.3) lib/action_dispatch/middleware/executor.rb:14:in `call'
actionpack (6.0.3.3) lib/action_dispatch/middleware/static.rb:126:in `call'
rack (2.2.3) lib/rack/sendfile.rb:110:in `call'
actionpack (6.0.3.3) lib/action_dispatch/middleware/host_authorization.rb:82:in `call'
railties (6.0.3.3) lib/rails/engine.rb:527:in `call'
puma (4.3.6) lib/puma/configuration.rb:228:in `call'
puma (4.3.6) lib/puma/server.rb:713:in `handle_request'
puma (4.3.6) lib/puma/server.rb:472:in `process_client'
puma (4.3.6) lib/puma/server.rb:328:in `block in run'
puma (4.3.6) lib/puma/thread_pool.rb:134:in `block in spawn_thread'
Started GET "/deals" for ::1 at 2020-09-24 13:44:39 -0400
  [1m[35m (1.7ms)[0m  [1m[34mSELECT "schema_migrations"."version" FROM "schema_migrations" ORDER BY "schema_migrations"."version" ASC[0m
Processing by DealsController#index as */*
  [1m[36mDeal Load (0.6ms)[0m  [1m[34mSELECT "deals".* FROM "deals"[0m
  ↳ app/controllers/deals_controller.rb:8:in `index'
Completed 200 OK in 25ms (Views: 14.7ms | ActiveRecord: 8.6ms | Allocations: 5423)


Started GET "/deals" for ::1 at 2020-09-24 13:46:17 -0400
Processing by DealsController#index as */*
  [1m[36mDeal Load (1.2ms)[0m  [1m[34mSELECT "deals".* FROM "deals"[0m
  ↳ app/controllers/deals_controller.rb:8:in `index'
Completed 200 OK in 5ms (Views: 3.5ms | ActiveRecord: 1.2ms | Allocations: 1451)


Started GET "/deals" for ::1 at 2020-09-24 13:49:42 -0400
  [1m[35m (1.2ms)[0m  [1m[34mSELECT "schema_migrations"."version" FROM "schema_migrations" ORDER BY "schema_migrations"."version" ASC[0m
Processing by DealsController#index as */*
  [1m[36mDeal Load (0.7ms)[0m  [1m[34mSELECT "deals".* FROM "deals"[0m
  ↳ app/controllers/deals_controller.rb:8:in `index'
Completed 200 OK in 19ms (Views: 8.7ms | ActiveRecord: 7.1ms | Allocations: 5423)


Started POST "/deals" for ::1 at 2020-09-24 13:50:01 -0400
Processing by DealsController#create as HTML
  Parameters: {"restaurant"=>"Chickfila", "category"=>"Milkshakes", "content"=>"Get a large milkshake for any donation of your choice! Proceeds benefit local school lunch funds.", "deal"=>{"restaurant"=>"Chickfila", "category"=>"Milkshakes", "content"=>"Get a large milkshake for any donation of your choice! Proceeds benefit local school lunch funds."}}
  [1m[35m (0.3ms)[0m  [1m[35mBEGIN[0m
  ↳ app/controllers/deals_controller.rb:20:in `create'
  [1m[36mDeal Create (2.6ms)[0m  [1m[32mINSERT INTO "deals" ("restaurant", "category", "content", "created_at", "updated_at") VALUES ($1, $2, $3, $4, $5) RETURNING "id"[0m  [["restaurant", "Chickfila"], ["category", "Milkshakes"], ["content", "Get a large milkshake for any donation of your choice! Proceeds benefit local school lunch funds."], ["created_at", "2020-09-24 17:50:01.034827"], ["updated_at", "2020-09-24 17:50:01.034827"]]
  ↳ app/controllers/deals_controller.rb:20:in `create'
  [1m[35m (1.1ms)[0m  [1m[35mCOMMIT[0m
  ↳ app/controllers/deals_controller.rb:20:in `create'
Completed 201 Created in 13ms (Views: 1.1ms | ActiveRecord: 4.1ms | Allocations: 2811)


Started GET "/deals" for ::1 at 2020-09-24 14:53:58 -0400
Processing by DealsController#index as */*
  [1m[36mDeal Load (3.4ms)[0m  [1m[34mSELECT "deals".* FROM "deals"[0m
  ↳ app/controllers/deals_controller.rb:8:in `index'
Completed 200 OK in 26ms (Views: 17.5ms | ActiveRecord: 3.4ms | Allocations: 1640)


Started GET "/deals" for ::1 at 2020-09-24 14:56:07 -0400
Processing by DealsController#index as */*
  [1m[36mDeal Load (1.1ms)[0m  [1m[34mSELECT "deals".* FROM "deals"[0m
  ↳ app/controllers/deals_controller.rb:8:in `index'
Completed 200 OK in 7ms (Views: 5.5ms | ActiveRecord: 1.1ms | Allocations: 1572)


Started GET "/deals" for ::1 at 2020-09-24 14:59:33 -0400
Processing by DealsController#index as */*
  [1m[36mDeal Load (9.6ms)[0m  [1m[34mSELECT "deals".* FROM "deals"[0m
  ↳ app/controllers/deals_controller.rb:8:in `index'
Completed 200 OK in 14ms (Views: 3.6ms | ActiveRecord: 9.6ms | Allocations: 1556)


Started GET "/deals" for ::1 at 2020-09-24 14:59:39 -0400
Processing by DealsController#index as */*
  [1m[36mDeal Load (21.6ms)[0m  [1m[34mSELECT "deals".* FROM "deals"[0m
  ↳ app/controllers/deals_controller.rb:8:in `index'
Completed 200 OK in 26ms (Views: 4.0ms | ActiveRecord: 21.6ms | Allocations: 1554)


Started GET "/deals" for ::1 at 2020-09-24 15:00:53 -0400
Processing by DealsController#index as */*
  [1m[36mDeal Load (92.4ms)[0m  [1m[34mSELECT "deals".* FROM "deals"[0m
  ↳ app/controllers/deals_controller.rb:8:in `index'
Completed 200 OK in 97ms (Views: 4.3ms | ActiveRecord: 92.4ms | Allocations: 1554)


Started GET "/deals" for ::1 at 2020-09-24 15:02:04 -0400
Processing by DealsController#index as */*
  [1m[36mDeal Load (0.7ms)[0m  [1m[34mSELECT "deals".* FROM "deals"[0m
  ↳ app/controllers/deals_controller.rb:8:in `index'
Completed 200 OK in 6ms (Views: 4.6ms | ActiveRecord: 0.7ms | Allocations: 1554)


Started GET "/deals" for ::1 at 2020-09-24 15:02:07 -0400
Processing by DealsController#index as */*
  [1m[36mDeal Load (5.4ms)[0m  [1m[34mSELECT "deals".* FROM "deals"[0m
  ↳ app/controllers/deals_controller.rb:8:in `index'
Completed 200 OK in 10ms (Views: 3.9ms | ActiveRecord: 5.4ms | Allocations: 1554)


Started GET "/deals" for ::1 at 2020-09-24 15:07:31 -0400
Processing by DealsController#index as */*
  [1m[36mDeal Load (3.1ms)[0m  [1m[34mSELECT "deals".* FROM "deals"[0m
  ↳ app/controllers/deals_controller.rb:8:in `index'
Completed 200 OK in 11ms (Views: 6.3ms | ActiveRecord: 3.1ms | Allocations: 1640)


Started GET "/deals" for ::1 at 2020-09-24 15:08:21 -0400
Processing by DealsController#index as */*
  [1m[36mDeal Load (0.6ms)[0m  [1m[34mSELECT "deals".* FROM "deals"[0m
  ↳ app/controllers/deals_controller.rb:8:in `index'
Completed 200 OK in 10ms (Views: 8.7ms | ActiveRecord: 0.6ms | Allocations: 1554)


Started GET "/deals" for ::1 at 2020-09-24 15:08:34 -0400
Processing by DealsController#index as */*
  [1m[36mDeal Load (0.4ms)[0m  [1m[34mSELECT "deals".* FROM "deals"[0m
  ↳ app/controllers/deals_controller.rb:8:in `index'
Completed 200 OK in 4ms (Views: 3.8ms | ActiveRecord: 0.4ms | Allocations: 1554)


Started GET "/deals" for ::1 at 2020-09-24 15:09:03 -0400
Processing by DealsController#index as */*
  [1m[36mDeal Load (1.0ms)[0m  [1m[34mSELECT "deals".* FROM "deals"[0m
  ↳ app/controllers/deals_controller.rb:8:in `index'
Completed 200 OK in 8ms (Views: 5.6ms | ActiveRecord: 1.0ms | Allocations: 1554)


Started GET "/deals" for ::1 at 2020-09-24 15:09:40 -0400
Processing by DealsController#index as */*
  [1m[36mDeal Load (0.8ms)[0m  [1m[34mSELECT "deals".* FROM "deals"[0m
  ↳ app/controllers/deals_controller.rb:8:in `index'
Completed 200 OK in 7ms (Views: 5.2ms | ActiveRecord: 0.8ms | Allocations: 1554)


Started GET "/deals" for ::1 at 2020-09-24 15:10:21 -0400
Processing by DealsController#index as */*
  [1m[36mDeal Load (43.1ms)[0m  [1m[34mSELECT "deals".* FROM "deals"[0m
  ↳ app/controllers/deals_controller.rb:8:in `index'
Completed 200 OK in 50ms (Views: 4.3ms | ActiveRecord: 43.1ms | Allocations: 1554)


Started GET "/deals" for ::1 at 2020-09-24 15:10:35 -0400
Processing by DealsController#index as */*
  [1m[36mDeal Load (1.7ms)[0m  [1m[34mSELECT "deals".* FROM "deals"[0m
  ↳ app/controllers/deals_controller.rb:8:in `index'
Completed 200 OK in 5ms (Views: 2.6ms | ActiveRecord: 1.7ms | Allocations: 1554)


Started GET "/deals" for ::1 at 2020-09-24 15:10:57 -0400
Processing by DealsController#index as */*
  [1m[36mDeal Load (1.5ms)[0m  [1m[34mSELECT "deals".* FROM "deals"[0m
  ↳ app/controllers/deals_controller.rb:8:in `index'
Completed 200 OK in 24ms (Views: 19.2ms | ActiveRecord: 1.5ms | Allocations: 1554)


Started GET "/deals" for ::1 at 2020-09-24 15:11:22 -0400
Processing by DealsController#index as */*
  [1m[36mDeal Load (2.0ms)[0m  [1m[34mSELECT "deals".* FROM "deals"[0m
  ↳ app/controllers/deals_controller.rb:8:in `index'
Completed 200 OK in 9ms (Views: 4.0ms | ActiveRecord: 2.0ms | Allocations: 1554)


Started GET "/deals" for ::1 at 2020-09-24 15:11:50 -0400
Processing by DealsController#index as */*
  [1m[36mDeal Load (3.1ms)[0m  [1m[34mSELECT "deals".* FROM "deals"[0m
  ↳ app/controllers/deals_controller.rb:8:in `index'
Completed 200 OK in 6ms (Views: 3.0ms | ActiveRecord: 3.1ms | Allocations: 1554)


Started GET "/deals" for ::1 at 2020-09-24 15:12:03 -0400
Processing by DealsController#index as */*
  [1m[36mDeal Load (50.2ms)[0m  [1m[34mSELECT "deals".* FROM "deals"[0m
  ↳ app/controllers/deals_controller.rb:8:in `index'
Completed 200 OK in 54ms (Views: 4.0ms | ActiveRecord: 50.2ms | Allocations: 1554)


Started GET "/deals" for ::1 at 2020-09-24 15:12:34 -0400
Processing by DealsController#index as */*
  [1m[36mDeal Load (10.2ms)[0m  [1m[34mSELECT "deals".* FROM "deals"[0m
  ↳ app/controllers/deals_controller.rb:8:in `index'
Completed 200 OK in 16ms (Views: 4.8ms | ActiveRecord: 10.2ms | Allocations: 1554)


Started GET "/deals" for ::1 at 2020-09-24 15:12:39 -0400
Processing by DealsController#index as */*
  [1m[36mDeal Load (17.0ms)[0m  [1m[34mSELECT "deals".* FROM "deals"[0m
  ↳ app/controllers/deals_controller.rb:8:in `index'
Completed 200 OK in 22ms (Views: 4.6ms | ActiveRecord: 17.0ms | Allocations: 1554)


Started GET "/deals" for ::1 at 2020-09-24 15:12:51 -0400
Processing by DealsController#index as */*
  [1m[36mDeal Load (10.5ms)[0m  [1m[34mSELECT "deals".* FROM "deals"[0m
  ↳ app/controllers/deals_controller.rb:8:in `index'
Completed 200 OK in 18ms (Views: 4.4ms | ActiveRecord: 10.5ms | Allocations: 1554)


Started GET "/deals" for ::1 at 2020-09-24 15:12:54 -0400
Processing by DealsController#index as */*
  [1m[36mDeal Load (2.6ms)[0m  [1m[34mSELECT "deals".* FROM "deals"[0m
  ↳ app/controllers/deals_controller.rb:8:in `index'
Completed 200 OK in 10ms (Views: 7.1ms | ActiveRecord: 2.6ms | Allocations: 1554)


Started GET "/deals" for ::1 at 2020-09-24 15:13:13 -0400
Processing by DealsController#index as */*
  [1m[36mDeal Load (16.8ms)[0m  [1m[34mSELECT "deals".* FROM "deals"[0m
  ↳ app/controllers/deals_controller.rb:8:in `index'
Completed 200 OK in 26ms (Views: 8.2ms | ActiveRecord: 16.8ms | Allocations: 1554)


Started GET "/deals" for ::1 at 2020-09-24 15:14:24 -0400
Processing by DealsController#index as */*
  [1m[36mDeal Load (1.4ms)[0m  [1m[34mSELECT "deals".* FROM "deals"[0m
  ↳ app/controllers/deals_controller.rb:8:in `index'
Completed 200 OK in 5ms (Views: 2.6ms | ActiveRecord: 1.4ms | Allocations: 1555)


Started GET "/deals" for ::1 at 2020-09-24 15:15:52 -0400
Processing by DealsController#index as */*
  [1m[36mDeal Load (1.5ms)[0m  [1m[34mSELECT "deals".* FROM "deals"[0m
  ↳ app/controllers/deals_controller.rb:8:in `index'
Completed 200 OK in 71ms (Views: 69.6ms | ActiveRecord: 1.5ms | Allocations: 1555)


Started GET "/deals" for ::1 at 2020-09-24 15:16:18 -0400
Processing by DealsController#index as */*
  [1m[36mDeal Load (1.2ms)[0m  [1m[34mSELECT "deals".* FROM "deals"[0m
  ↳ app/controllers/deals_controller.rb:8:in `index'
Completed 200 OK in 5ms (Views: 3.7ms | ActiveRecord: 1.2ms | Allocations: 1555)


Started GET "/deals" for ::1 at 2020-09-24 15:17:04 -0400
Processing by DealsController#index as */*
  [1m[36mDeal Load (0.4ms)[0m  [1m[34mSELECT "deals".* FROM "deals"[0m
  ↳ app/controllers/deals_controller.rb:8:in `index'
Completed 200 OK in 4ms (Views: 3.3ms | ActiveRecord: 0.4ms | Allocations: 1554)


Started GET "/deals" for ::1 at 2020-09-24 15:17:31 -0400
Processing by DealsController#index as */*
  [1m[36mDeal Load (3.5ms)[0m  [1m[34mSELECT "deals".* FROM "deals"[0m
  ↳ app/controllers/deals_controller.rb:8:in `index'
Completed 200 OK in 9ms (Views: 4.9ms | ActiveRecord: 3.5ms | Allocations: 1554)


Started GET "/deals" for ::1 at 2020-09-24 15:17:54 -0400
Processing by DealsController#index as */*
  [1m[36mDeal Load (0.4ms)[0m  [1m[34mSELECT "deals".* FROM "deals"[0m
  ↳ app/controllers/deals_controller.rb:8:in `index'
Completed 200 OK in 4ms (Views: 3.6ms | ActiveRecord: 0.4ms | Allocations: 1554)


Started GET "/deals" for ::1 at 2020-09-24 15:18:31 -0400
Processing by DealsController#index as */*
  [1m[36mDeal Load (8.1ms)[0m  [1m[34mSELECT "deals".* FROM "deals"[0m
  ↳ app/controllers/deals_controller.rb:8:in `index'
Completed 200 OK in 11ms (Views: 2.8ms | ActiveRecord: 8.1ms | Allocations: 1554)


Started GET "/deals" for ::1 at 2020-09-24 15:18:47 -0400
Processing by DealsController#index as */*
  [1m[36mDeal Load (7.1ms)[0m  [1m[34mSELECT "deals".* FROM "deals"[0m
  ↳ app/controllers/deals_controller.rb:8:in `index'
Completed 200 OK in 11ms (Views: 3.3ms | ActiveRecord: 7.1ms | Allocations: 1554)


Started GET "/deals" for ::1 at 2020-09-24 15:19:34 -0400
Processing by DealsController#index as */*
  [1m[36mDeal Load (20.3ms)[0m  [1m[34mSELECT "deals".* FROM "deals"[0m
  ↳ app/controllers/deals_controller.rb:8:in `index'
Completed 200 OK in 25ms (Views: 4.4ms | ActiveRecord: 20.3ms | Allocations: 1554)


Started GET "/deals" for ::1 at 2020-09-24 15:19:49 -0400
Processing by DealsController#index as */*
  [1m[36mDeal Load (0.9ms)[0m  [1m[34mSELECT "deals".* FROM "deals"[0m
  ↳ app/controllers/deals_controller.rb:8:in `index'
Completed 200 OK in 8ms (Views: 6.6ms | ActiveRecord: 0.9ms | Allocations: 1554)


Started GET "/deals" for ::1 at 2020-09-24 15:20:27 -0400
Processing by DealsController#index as */*
  [1m[36mDeal Load (15.2ms)[0m  [1m[34mSELECT "deals".* FROM "deals"[0m
  ↳ app/controllers/deals_controller.rb:8:in `index'
Completed 200 OK in 35ms (Views: 16.3ms | ActiveRecord: 15.2ms | Allocations: 1554)


Started GET "/deals" for ::1 at 2020-09-24 15:20:41 -0400
Processing by DealsController#index as */*
  [1m[36mDeal Load (1.9ms)[0m  [1m[34mSELECT "deals".* FROM "deals"[0m
  ↳ app/controllers/deals_controller.rb:8:in `index'
Completed 200 OK in 8ms (Views: 5.3ms | ActiveRecord: 1.9ms | Allocations: 1554)


Started GET "/deals" for ::1 at 2020-09-24 15:20:51 -0400
Processing by DealsController#index as */*
  [1m[36mDeal Load (1.5ms)[0m  [1m[34mSELECT "deals".* FROM "deals"[0m
  ↳ app/controllers/deals_controller.rb:8:in `index'
Completed 200 OK in 6ms (Views: 4.1ms | ActiveRecord: 1.5ms | Allocations: 1554)


Started GET "/deals" for ::1 at 2020-09-24 15:20:56 -0400
Processing by DealsController#index as */*
  [1m[36mDeal Load (13.8ms)[0m  [1m[34mSELECT "deals".* FROM "deals"[0m
  ↳ app/controllers/deals_controller.rb:8:in `index'
Completed 200 OK in 18ms (Views: 3.5ms | ActiveRecord: 13.8ms | Allocations: 1555)


Started GET "/deals" for ::1 at 2020-09-24 15:21:01 -0400
Processing by DealsController#index as */*
  [1m[36mDeal Load (10.4ms)[0m  [1m[34mSELECT "deals".* FROM "deals"[0m
  ↳ app/controllers/deals_controller.rb:8:in `index'
Completed 200 OK in 15ms (Views: 3.9ms | ActiveRecord: 10.4ms | Allocations: 1554)


Started GET "/deals" for ::1 at 2020-09-24 15:21:19 -0400
Processing by DealsController#index as */*
  [1m[36mDeal Load (1.1ms)[0m  [1m[34mSELECT "deals".* FROM "deals"[0m
  ↳ app/controllers/deals_controller.rb:8:in `index'
Completed 200 OK in 6ms (Views: 4.4ms | ActiveRecord: 1.1ms | Allocations: 1554)


Started GET "/deals" for ::1 at 2020-09-24 15:21:34 -0400
Processing by DealsController#index as */*
  [1m[36mDeal Load (2.7ms)[0m  [1m[34mSELECT "deals".* FROM "deals"[0m
  ↳ app/controllers/deals_controller.rb:8:in `index'
Completed 200 OK in 8ms (Views: 5.1ms | ActiveRecord: 2.7ms | Allocations: 1554)


Started GET "/deals" for ::1 at 2020-09-24 15:22:03 -0400
Processing by DealsController#index as */*
  [1m[36mDeal Load (0.6ms)[0m  [1m[34mSELECT "deals".* FROM "deals"[0m
  ↳ app/controllers/deals_controller.rb:8:in `index'
Completed 200 OK in 5ms (Views: 4.5ms | ActiveRecord: 0.6ms | Allocations: 1554)


Started GET "/deals" for ::1 at 2020-09-24 15:22:09 -0400
Processing by DealsController#index as */*
  [1m[36mDeal Load (21.8ms)[0m  [1m[34mSELECT "deals".* FROM "deals"[0m
  ↳ app/controllers/deals_controller.rb:8:in `index'
Completed 200 OK in 26ms (Views: 4.0ms | ActiveRecord: 21.8ms | Allocations: 1554)


Started GET "/deals" for ::1 at 2020-09-24 15:22:38 -0400
Processing by DealsController#index as */*
  [1m[36mDeal Load (0.9ms)[0m  [1m[34mSELECT "deals".* FROM "deals"[0m
  ↳ app/controllers/deals_controller.rb:8:in `index'
Completed 200 OK in 4ms (Views: 3.3ms | ActiveRecord: 0.9ms | Allocations: 1554)


Started GET "/deals" for ::1 at 2020-09-24 15:22:45 -0400
Processing by DealsController#index as */*
  [1m[36mDeal Load (1.3ms)[0m  [1m[34mSELECT "deals".* FROM "deals"[0m
  ↳ app/controllers/deals_controller.rb:8:in `index'
Completed 200 OK in 11ms (Views: 9.0ms | ActiveRecord: 1.3ms | Allocations: 1554)


Started GET "/deals" for ::1 at 2020-09-24 15:22:57 -0400
Processing by DealsController#index as */*
  [1m[36mDeal Load (1.2ms)[0m  [1m[34mSELECT "deals".* FROM "deals"[0m
  ↳ app/controllers/deals_controller.rb:8:in `index'
Completed 200 OK in 5ms (Views: 3.6ms | ActiveRecord: 1.2ms | Allocations: 1554)


Started GET "/deals" for ::1 at 2020-09-24 15:23:01 -0400
Processing by DealsController#index as */*
  [1m[36mDeal Load (3.3ms)[0m  [1m[34mSELECT "deals".* FROM "deals"[0m
  ↳ app/controllers/deals_controller.rb:8:in `index'
Completed 200 OK in 9ms (Views: 5.2ms | ActiveRecord: 3.3ms | Allocations: 1554)


Started GET "/deals" for ::1 at 2020-09-24 15:23:25 -0400
Processing by DealsController#index as */*
  [1m[36mDeal Load (2.2ms)[0m  [1m[34mSELECT "deals".* FROM "deals"[0m
  ↳ app/controllers/deals_controller.rb:8:in `index'
Completed 200 OK in 9ms (Views: 6.7ms | ActiveRecord: 2.2ms | Allocations: 1554)


Started GET "/deals" for ::1 at 2020-09-24 15:23:34 -0400
Processing by DealsController#index as */*
  [1m[36mDeal Load (2.5ms)[0m  [1m[34mSELECT "deals".* FROM "deals"[0m
  ↳ app/controllers/deals_controller.rb:8:in `index'
Completed 200 OK in 8ms (Views: 4.8ms | ActiveRecord: 2.5ms | Allocations: 1554)


Started GET "/deals" for ::1 at 2020-09-24 15:23:39 -0400
Processing by DealsController#index as */*
  [1m[36mDeal Load (1.4ms)[0m  [1m[34mSELECT "deals".* FROM "deals"[0m
  ↳ app/controllers/deals_controller.rb:8:in `index'
Completed 200 OK in 10ms (Views: 8.6ms | ActiveRecord: 1.4ms | Allocations: 1554)


Started GET "/deals" for ::1 at 2020-09-24 15:23:41 -0400
Processing by DealsController#index as */*
  [1m[36mDeal Load (9.9ms)[0m  [1m[34mSELECT "deals".* FROM "deals"[0m
  ↳ app/controllers/deals_controller.rb:8:in `index'
Completed 200 OK in 16ms (Views: 5.4ms | ActiveRecord: 9.9ms | Allocations: 1554)


Started GET "/deals" for ::1 at 2020-09-24 15:23:47 -0400
Processing by DealsController#index as */*
  [1m[36mDeal Load (69.6ms)[0m  [1m[34mSELECT "deals".* FROM "deals"[0m
  ↳ app/controllers/deals_controller.rb:8:in `index'
Completed 200 OK in 85ms (Views: 12.3ms | ActiveRecord: 69.6ms | Allocations: 1554)


Started GET "/deals" for ::1 at 2020-09-24 15:23:56 -0400
Processing by DealsController#index as */*
  [1m[36mDeal Load (90.0ms)[0m  [1m[34mSELECT "deals".* FROM "deals"[0m
  ↳ app/controllers/deals_controller.rb:8:in `index'
Completed 200 OK in 96ms (Views: 5.4ms | ActiveRecord: 90.0ms | Allocations: 1554)


Started GET "/deals" for ::1 at 2020-09-24 15:24:12 -0400
Processing by DealsController#index as */*
  [1m[36mDeal Load (10.8ms)[0m  [1m[34mSELECT "deals".* FROM "deals"[0m
  ↳ app/controllers/deals_controller.rb:8:in `index'
Completed 200 OK in 16ms (Views: 4.7ms | ActiveRecord: 10.8ms | Allocations: 1554)


Started GET "/deals" for ::1 at 2020-09-24 15:24:28 -0400
Processing by DealsController#index as */*
  [1m[36mDeal Load (20.9ms)[0m  [1m[34mSELECT "deals".* FROM "deals"[0m
  ↳ app/controllers/deals_controller.rb:8:in `index'
Completed 200 OK in 28ms (Views: 6.8ms | ActiveRecord: 20.9ms | Allocations: 1554)


Started GET "/deals" for ::1 at 2020-09-24 15:24:34 -0400
Processing by DealsController#index as */*
  [1m[36mDeal Load (9.5ms)[0m  [1m[34mSELECT "deals".* FROM "deals"[0m
  ↳ app/controllers/deals_controller.rb:8:in `index'
Completed 200 OK in 13ms (Views: 3.1ms | ActiveRecord: 9.5ms | Allocations: 1554)


Started GET "/deals" for ::1 at 2020-09-24 15:24:38 -0400
Processing by DealsController#index as */*
  [1m[36mDeal Load (0.8ms)[0m  [1m[34mSELECT "deals".* FROM "deals"[0m
  ↳ app/controllers/deals_controller.rb:8:in `index'
Completed 200 OK in 13ms (Views: 11.5ms | ActiveRecord: 0.8ms | Allocations: 1554)


Started GET "/deals" for ::1 at 2020-09-24 15:25:07 -0400
Processing by DealsController#index as */*
  [1m[36mDeal Load (3.9ms)[0m  [1m[34mSELECT "deals".* FROM "deals"[0m
  ↳ app/controllers/deals_controller.rb:8:in `index'
Completed 200 OK in 9ms (Views: 4.8ms | ActiveRecord: 3.9ms | Allocations: 1554)


Started GET "/deals" for ::1 at 2020-09-24 15:25:27 -0400
Processing by DealsController#index as */*
  [1m[36mDeal Load (4.7ms)[0m  [1m[34mSELECT "deals".* FROM "deals"[0m
  ↳ app/controllers/deals_controller.rb:8:in `index'
Completed 200 OK in 10ms (Views: 5.0ms | ActiveRecord: 4.7ms | Allocations: 1554)


Started POST "/deals" for ::1 at 2020-09-24 15:26:23 -0400
Processing by DealsController#create as HTML
  Parameters: {"restaurant"=>"Panda Express", "category"=>"Egg Roll", "content"=>"Free egg roll with any purchase!", "deal"=>{"restaurant"=>"Panda Express", "category"=>"Egg Roll", "content"=>"Free egg roll with any purchase!"}}
  [1m[35m (6.3ms)[0m  [1m[35mBEGIN[0m
  ↳ app/controllers/deals_controller.rb:20:in `create'
  [1m[36mDeal Create (22.0ms)[0m  [1m[32mINSERT INTO "deals" ("restaurant", "category", "content", "created_at", "updated_at") VALUES ($1, $2, $3, $4, $5) RETURNING "id"[0m  [["restaurant", "Panda Express"], ["category", "Egg Roll"], ["content", "Free egg roll with any purchase!"], ["created_at", "2020-09-24 19:26:23.246278"], ["updated_at", "2020-09-24 19:26:23.246278"]]
  ↳ app/controllers/deals_controller.rb:20:in `create'
  [1m[35m (7.8ms)[0m  [1m[35mCOMMIT[0m
  ↳ app/controllers/deals_controller.rb:20:in `create'
Completed 201 Created in 54ms (Views: 2.4ms | ActiveRecord: 36.0ms | Allocations: 2542)


Started GET "/deals" for ::1 at 2020-09-24 15:26:31 -0400
Processing by DealsController#index as */*
  [1m[36mDeal Load (48.7ms)[0m  [1m[34mSELECT "deals".* FROM "deals"[0m
  ↳ app/controllers/deals_controller.rb:8:in `index'
Completed 200 OK in 53ms (Views: 4.3ms | ActiveRecord: 48.7ms | Allocations: 1675)


Started POST "/deals" for ::1 at 2020-09-24 15:27:12 -0400
Processing by DealsController#create as HTML
  Parameters: {"restaurant"=>"Smoothie King", "category"=>"Smoothies", "content"=>"$2 off any smoothie of your choice.", "deal"=>{"restaurant"=>"Smoothie King", "category"=>"Smoothies", "content"=>"$2 off any smoothie of your choice."}}
  [1m[35m (0.2ms)[0m  [1m[35mBEGIN[0m
  ↳ app/controllers/deals_controller.rb:20:in `create'
  [1m[36mDeal Create (1.5ms)[0m  [1m[32mINSERT INTO "deals" ("restaurant", "category", "content", "created_at", "updated_at") VALUES ($1, $2, $3, $4, $5) RETURNING "id"[0m  [["restaurant", "Smoothie King"], ["category", "Smoothies"], ["content", "$2 off any smoothie of your choice."], ["created_at", "2020-09-24 19:27:12.288370"], ["updated_at", "2020-09-24 19:27:12.288370"]]
  ↳ app/controllers/deals_controller.rb:20:in `create'
  [1m[35m (0.6ms)[0m  [1m[35mCOMMIT[0m
  ↳ app/controllers/deals_controller.rb:20:in `create'
Completed 201 Created in 12ms (Views: 1.1ms | ActiveRecord: 2.3ms | Allocations: 2542)


Started POST "/deals" for ::1 at 2020-09-24 15:27:57 -0400
Processing by DealsController#create as HTML
  Parameters: {"restaurant"=>"Chipotle", "category"=>"Guac", "content"=>"Free Guacamole with your burrito or bowl.", "deal"=>{"restaurant"=>"Chipotle", "category"=>"Guac", "content"=>"Free Guacamole with your burrito or bowl."}}
  [1m[35m (0.2ms)[0m  [1m[35mBEGIN[0m
  ↳ app/controllers/deals_controller.rb:20:in `create'
  [1m[36mDeal Create (0.5ms)[0m  [1m[32mINSERT INTO "deals" ("restaurant", "category", "content", "created_at", "updated_at") VALUES ($1, $2, $3, $4, $5) RETURNING "id"[0m  [["restaurant", "Chipotle"], ["category", "Guac"], ["content", "Free Guacamole with your burrito or bowl."], ["created_at", "2020-09-24 19:27:57.850366"], ["updated_at", "2020-09-24 19:27:57.850366"]]
  ↳ app/controllers/deals_controller.rb:20:in `create'
  [1m[35m (2.2ms)[0m  [1m[35mCOMMIT[0m
  ↳ app/controllers/deals_controller.rb:20:in `create'
Completed 201 Created in 19ms (Views: 1.0ms | ActiveRecord: 2.8ms | Allocations: 2543)


Started GET "/deals" for ::1 at 2020-09-24 15:29:01 -0400
Processing by DealsController#index as */*
  [1m[36mDeal Load (0.9ms)[0m  [1m[34mSELECT "deals".* FROM "deals"[0m
  ↳ app/controllers/deals_controller.rb:8:in `index'
Completed 200 OK in 7ms (Views: 5.1ms | ActiveRecord: 0.9ms | Allocations: 1918)


Started GET "/deals" for ::1 at 2020-09-24 15:30:16 -0400
Processing by DealsController#index as */*
  [1m[36mDeal Load (0.5ms)[0m  [1m[34mSELECT "deals".* FROM "deals"[0m
  ↳ app/controllers/deals_controller.rb:8:in `index'
Completed 200 OK in 5ms (Views: 3.8ms | ActiveRecord: 0.5ms | Allocations: 1917)


Started GET "/deals" for ::1 at 2020-09-24 15:30:57 -0400
Processing by DealsController#index as */*
  [1m[36mDeal Load (5.9ms)[0m  [1m[34mSELECT "deals".* FROM "deals"[0m
  ↳ app/controllers/deals_controller.rb:8:in `index'
Completed 200 OK in 13ms (Views: 6.3ms | ActiveRecord: 5.9ms | Allocations: 1917)


Started GET "/deals" for ::1 at 2020-09-24 15:32:29 -0400
Processing by DealsController#index as */*
  [1m[36mDeal Load (1.0ms)[0m  [1m[34mSELECT "deals".* FROM "deals"[0m
  ↳ app/controllers/deals_controller.rb:8:in `index'
Completed 200 OK in 7ms (Views: 5.9ms | ActiveRecord: 1.0ms | Allocations: 1917)


Started GET "/deals" for ::1 at 2020-09-24 15:33:20 -0400
Processing by DealsController#index as */*
  [1m[36mDeal Load (1.8ms)[0m  [1m[34mSELECT "deals".* FROM "deals"[0m
  ↳ app/controllers/deals_controller.rb:8:in `index'
Completed 200 OK in 7ms (Views: 4.7ms | ActiveRecord: 1.8ms | Allocations: 1917)


Started GET "/deals" for ::1 at 2020-09-24 15:34:31 -0400
Processing by DealsController#index as */*
  [1m[36mDeal Load (4.8ms)[0m  [1m[34mSELECT "deals".* FROM "deals"[0m
  ↳ app/controllers/deals_controller.rb:8:in `index'
Completed 200 OK in 10ms (Views: 4.4ms | ActiveRecord: 4.8ms | Allocations: 1917)


Started GET "/deals" for ::1 at 2020-09-24 15:40:00 -0400
Processing by DealsController#index as */*
  [1m[36mDeal Load (0.5ms)[0m  [1m[34mSELECT "deals".* FROM "deals"[0m
  ↳ app/controllers/deals_controller.rb:8:in `index'
Completed 200 OK in 3ms (Views: 2.7ms | ActiveRecord: 0.5ms | Allocations: 1917)


Started GET "/deals" for ::1 at 2020-09-24 15:40:30 -0400
Processing by DealsController#index as */*
  [1m[36mDeal Load (4.5ms)[0m  [1m[34mSELECT "deals".* FROM "deals"[0m
  ↳ app/controllers/deals_controller.rb:8:in `index'
Completed 200 OK in 9ms (Views: 4.1ms | ActiveRecord: 4.5ms | Allocations: 1917)


Started GET "/deals" for ::1 at 2020-09-24 15:40:58 -0400
Processing by DealsController#index as */*
  [1m[36mDeal Load (10.6ms)[0m  [1m[34mSELECT "deals".* FROM "deals"[0m
  ↳ app/controllers/deals_controller.rb:8:in `index'
Completed 200 OK in 15ms (Views: 4.0ms | ActiveRecord: 10.6ms | Allocations: 1917)


Started GET "/deals" for ::1 at 2020-09-24 15:42:04 -0400
Processing by DealsController#index as */*
  [1m[36mDeal Load (4.7ms)[0m  [1m[34mSELECT "deals".* FROM "deals"[0m
  ↳ app/controllers/deals_controller.rb:8:in `index'
Completed 200 OK in 10ms (Views: 4.9ms | ActiveRecord: 4.7ms | Allocations: 1917)


Started GET "/deals" for ::1 at 2020-09-24 15:47:44 -0400
  
LoadError (cannot load such file -- /Users/codyhoward/dev_ga/Deals/deals_app_api/config/routes.rb):
  
bootsnap (1.4.8) lib/bootsnap/load_path_cache/core_ext/kernel_require.rb:59:in `load'
bootsnap (1.4.8) lib/bootsnap/load_path_cache/core_ext/kernel_require.rb:59:in `load'
railties (6.0.3.3) lib/rails/application/routes_reloader.rb:40:in `block in load_paths'
railties (6.0.3.3) lib/rails/application/routes_reloader.rb:40:in `each'
railties (6.0.3.3) lib/rails/application/routes_reloader.rb:40:in `load_paths'
railties (6.0.3.3) lib/rails/application/routes_reloader.rb:20:in `reload!'
railties (6.0.3.3) lib/rails/application/routes_reloader.rb:29:in `block in updater'
activesupport (6.0.3.3) lib/active_support/file_update_checker.rb:83:in `execute'
railties (6.0.3.3) lib/rails/application/routes_reloader.rb:10:in `execute'
railties (6.0.3.3) lib/rails/application/finisher.rb:197:in `block (2 levels) in <module:Finisher>'
activesupport (6.0.3.3) lib/active_support/callbacks.rb:428:in `instance_exec'
activesupport (6.0.3.3) lib/active_support/callbacks.rb:428:in `block in make_lambda'
activesupport (6.0.3.3) lib/active_support/callbacks.rb:200:in `block (2 levels) in halting'
activesupport (6.0.3.3) lib/active_support/callbacks.rb:605:in `block (2 levels) in default_terminator'
activesupport (6.0.3.3) lib/active_support/callbacks.rb:604:in `catch'
activesupport (6.0.3.3) lib/active_support/callbacks.rb:604:in `block in default_terminator'
activesupport (6.0.3.3) lib/active_support/callbacks.rb:201:in `block in halting'
activesupport (6.0.3.3) lib/active_support/callbacks.rb:513:in `block in invoke_before'
activesupport (6.0.3.3) lib/active_support/callbacks.rb:513:in `each'
activesupport (6.0.3.3) lib/active_support/callbacks.rb:513:in `invoke_before'
activesupport (6.0.3.3) lib/active_support/callbacks.rb:134:in `run_callbacks'
activesupport (6.0.3.3) lib/active_support/execution_wrapper.rb:111:in `run!'
activesupport (6.0.3.3) lib/active_support/reloader.rb:114:in `run!'
activesupport (6.0.3.3) lib/active_support/execution_wrapper.rb:73:in `block in run!'
activesupport (6.0.3.3) lib/active_support/execution_wrapper.rb:70:in `tap'
activesupport (6.0.3.3) lib/active_support/execution_wrapper.rb:70:in `run!'
activesupport (6.0.3.3) lib/active_support/reloader.rb:63:in `run!'
actionpack (6.0.3.3) lib/action_dispatch/middleware/executor.rb:12:in `call'
actionpack (6.0.3.3) lib/action_dispatch/middleware/actionable_exceptions.rb:17:in `call'
actionpack (6.0.3.3) lib/action_dispatch/middleware/debug_exceptions.rb:32:in `call'
actionpack (6.0.3.3) lib/action_dispatch/middleware/show_exceptions.rb:33:in `call'
railties (6.0.3.3) lib/rails/rack/logger.rb:37:in `call_app'
railties (6.0.3.3) lib/rails/rack/logger.rb:26:in `block in call'
activesupport (6.0.3.3) lib/active_support/tagged_logging.rb:80:in `block in tagged'
activesupport (6.0.3.3) lib/active_support/tagged_logging.rb:28:in `tagged'
activesupport (6.0.3.3) lib/active_support/tagged_logging.rb:80:in `tagged'
railties (6.0.3.3) lib/rails/rack/logger.rb:26:in `call'
actionpack (6.0.3.3) lib/action_dispatch/middleware/remote_ip.rb:81:in `call'
actionpack (6.0.3.3) lib/action_dispatch/middleware/request_id.rb:27:in `call'
rack (2.2.3) lib/rack/runtime.rb:22:in `call'
activesupport (6.0.3.3) lib/active_support/cache/strategy/local_cache_middleware.rb:29:in `call'
actionpack (6.0.3.3) lib/action_dispatch/middleware/executor.rb:14:in `call'
actionpack (6.0.3.3) lib/action_dispatch/middleware/static.rb:126:in `call'
rack (2.2.3) lib/rack/sendfile.rb:110:in `call'
actionpack (6.0.3.3) lib/action_dispatch/middleware/host_authorization.rb:82:in `call'
rack-cors (1.1.1) lib/rack/cors.rb:100:in `call'
railties (6.0.3.3) lib/rails/engine.rb:527:in `call'
puma (4.3.6) lib/puma/configuration.rb:228:in `call'
puma (4.3.6) lib/puma/server.rb:713:in `handle_request'
puma (4.3.6) lib/puma/server.rb:472:in `process_client'
puma (4.3.6) lib/puma/server.rb:328:in `block in run'
puma (4.3.6) lib/puma/thread_pool.rb:134:in `block in spawn_thread'
Started GET "/deals" for ::1 at 2020-09-24 15:47:57 -0400
  
ActionController::RoutingError (No route matches [GET] "/deals"):
  
actionpack (6.0.3.3) lib/action_dispatch/middleware/debug_exceptions.rb:36:in `call'
actionpack (6.0.3.3) lib/action_dispatch/middleware/show_exceptions.rb:33:in `call'
railties (6.0.3.3) lib/rails/rack/logger.rb:37:in `call_app'
railties (6.0.3.3) lib/rails/rack/logger.rb:26:in `block in call'
activesupport (6.0.3.3) lib/active_support/tagged_logging.rb:80:in `block in tagged'
activesupport (6.0.3.3) lib/active_support/tagged_logging.rb:28:in `tagged'
activesupport (6.0.3.3) lib/active_support/tagged_logging.rb:80:in `tagged'
railties (6.0.3.3) lib/rails/rack/logger.rb:26:in `call'
actionpack (6.0.3.3) lib/action_dispatch/middleware/remote_ip.rb:81:in `call'
actionpack (6.0.3.3) lib/action_dispatch/middleware/request_id.rb:27:in `call'
rack (2.2.3) lib/rack/runtime.rb:22:in `call'
activesupport (6.0.3.3) lib/active_support/cache/strategy/local_cache_middleware.rb:29:in `call'
actionpack (6.0.3.3) lib/action_dispatch/middleware/executor.rb:14:in `call'
actionpack (6.0.3.3) lib/action_dispatch/middleware/static.rb:126:in `call'
rack (2.2.3) lib/rack/sendfile.rb:110:in `call'
actionpack (6.0.3.3) lib/action_dispatch/middleware/host_authorization.rb:82:in `call'
rack-cors (1.1.1) lib/rack/cors.rb:100:in `call'
railties (6.0.3.3) lib/rails/engine.rb:527:in `call'
puma (4.3.6) lib/puma/configuration.rb:228:in `call'
puma (4.3.6) lib/puma/server.rb:713:in `handle_request'
puma (4.3.6) lib/puma/server.rb:472:in `process_client'
puma (4.3.6) lib/puma/server.rb:328:in `block in run'
puma (4.3.6) lib/puma/thread_pool.rb:134:in `block in spawn_thread'
Started GET "/deals" for ::1 at 2020-09-24 15:48:53 -0400
  [1m[35m (3.1ms)[0m  [1m[34mSELECT "schema_migrations"."version" FROM "schema_migrations" ORDER BY "schema_migrations"."version" ASC[0m
Processing by DealsController#index as */*
  [1m[36mDeal Load (71.7ms)[0m  [1m[34mSELECT "deals".* FROM "deals"[0m
  ↳ app/controllers/deals_controller.rb:8:in `index'
Completed 200 OK in 199ms (Views: 29.2ms | ActiveRecord: 147.1ms | Allocations: 5947)


Started GET "/deals" for ::1 at 2020-09-24 15:49:38 -0400
Processing by DealsController#index as */*
  [1m[36mDeal Load (113.1ms)[0m  [1m[34mSELECT "deals".* FROM "deals"[0m
  ↳ app/controllers/deals_controller.rb:8:in `index'
Completed 200 OK in 118ms (Views: 4.6ms | ActiveRecord: 113.1ms | Allocations: 1935)


Started GET "/deals" for ::1 at 2020-09-24 15:49:47 -0400
Processing by DealsController#index as */*
  [1m[36mDeal Load (74.6ms)[0m  [1m[34mSELECT "deals".* FROM "deals"[0m
  ↳ app/controllers/deals_controller.rb:8:in `index'
Completed 200 OK in 79ms (Views: 3.6ms | ActiveRecord: 74.6ms | Allocations: 1935)


Started GET "/deals" for ::1 at 2020-09-24 15:49:58 -0400
Processing by DealsController#index as */*
  [1m[36mDeal Load (11.0ms)[0m  [1m[34mSELECT "deals".* FROM "deals"[0m
  ↳ app/controllers/deals_controller.rb:8:in `index'
Completed 200 OK in 16ms (Views: 5.1ms | ActiveRecord: 11.0ms | Allocations: 1935)


Started GET "/deals" for ::1 at 2020-09-24 15:50:20 -0400
Processing by DealsController#index as */*
  [1m[36mDeal Load (15.4ms)[0m  [1m[34mSELECT "deals".* FROM "deals"[0m
  ↳ app/controllers/deals_controller.rb:8:in `index'
Completed 200 OK in 20ms (Views: 3.5ms | ActiveRecord: 15.4ms | Allocations: 1917)


Started GET "/deals" for ::1 at 2020-09-24 15:50:48 -0400
Processing by DealsController#index as */*
  [1m[36mDeal Load (0.4ms)[0m  [1m[34mSELECT "deals".* FROM "deals"[0m
  ↳ app/controllers/deals_controller.rb:8:in `index'
Completed 200 OK in 4ms (Views: 3.7ms | ActiveRecord: 0.4ms | Allocations: 1917)


Started GET "/deals" for ::1 at 2020-09-24 15:51:08 -0400
Processing by DealsController#index as */*
  [1m[36mDeal Load (3.1ms)[0m  [1m[34mSELECT "deals".* FROM "deals"[0m
  ↳ app/controllers/deals_controller.rb:8:in `index'
Completed 200 OK in 7ms (Views: 3.8ms | ActiveRecord: 3.1ms | Allocations: 1935)


Started GET "/deals" for ::1 at 2020-09-24 15:51:13 -0400
Processing by DealsController#index as */*
  [1m[36mDeal Load (1.1ms)[0m  [1m[34mSELECT "deals".* FROM "deals"[0m
  ↳ app/controllers/deals_controller.rb:8:in `index'
Completed 200 OK in 6ms (Views: 4.9ms | ActiveRecord: 1.1ms | Allocations: 1917)


Started GET "/deals" for ::1 at 2020-09-24 15:51:26 -0400
Processing by DealsController#index as */*
  [1m[36mDeal Load (159.2ms)[0m  [1m[34mSELECT "deals".* FROM "deals"[0m
  ↳ app/controllers/deals_controller.rb:8:in `index'
Completed 200 OK in 163ms (Views: 3.5ms | ActiveRecord: 159.2ms | Allocations: 1917)


Started GET "/deals" for ::1 at 2020-09-24 15:51:42 -0400
Processing by DealsController#index as */*
  [1m[36mDeal Load (5.8ms)[0m  [1m[34mSELECT "deals".* FROM "deals"[0m
  ↳ app/controllers/deals_controller.rb:8:in `index'
Completed 200 OK in 10ms (Views: 3.9ms | ActiveRecord: 5.8ms | Allocations: 1917)


Started GET "/deals" for ::1 at 2020-09-24 15:51:51 -0400
Processing by DealsController#index as */*
  [1m[36mDeal Load (1.1ms)[0m  [1m[34mSELECT "deals".* FROM "deals"[0m
  ↳ app/controllers/deals_controller.rb:8:in `index'
Completed 200 OK in 5ms (Views: 3.5ms | ActiveRecord: 1.1ms | Allocations: 1917)


Started GET "/deals" for ::1 at 2020-09-24 16:10:59 -0400
  [1m[35m (1.0ms)[0m  [1m[34mSELECT "schema_migrations"."version" FROM "schema_migrations" ORDER BY "schema_migrations"."version" ASC[0m
Processing by DealsController#index as HTML
  [1m[36mDeal Load (1.5ms)[0m  [1m[34mSELECT "deals".* FROM "deals"[0m
  ↳ app/controllers/deals_controller.rb:8:in `index'
Completed 200 OK in 40ms (Views: 15.8ms | ActiveRecord: 18.4ms | Allocations: 5904)


Started GET "/" for ::1 at 2020-09-24 16:11:07 -0400
Processing by WelcomeController#index as HTML
Completed 200 OK in 1ms (Views: 0.3ms | ActiveRecord: 0.0ms | Allocations: 113)


