  [1m[35m (302.1ms)[0m  [1m[35mCREATE DATABASE "deals_app_api_development" ENCODING = 'unicode'[0m
  [1m[35m (190.3ms)[0m  [1m[35mCREATE DATABASE "deals_app_api_test" ENCODING = 'unicode'[0m
  [1m[35m (51.1ms)[0m  [1m[35mCREATE TABLE "schema_migrations" ("version" character varying NOT NULL PRIMARY KEY)[0m
  [1m[35m (6.5ms)[0m  [1m[35mCREATE TABLE "ar_internal_metadata" ("key" character varying NOT NULL PRIMARY KEY, "value" character varying, "created_at" timestamp(6) NOT NULL, "updated_at" timestamp(6) NOT NULL)[0m
  [1m[35m (1.1ms)[0m  [1m[34mSELECT pg_try_advisory_lock(6690879748540136520)[0m
  [1m[35m (0.8ms)[0m  [1m[34mSELECT "schema_migrations"."version" FROM "schema_migrations" ORDER BY "schema_migrations"."version" ASC[0m
Migrating to CreateDeals (20200924150256)
  [1m[35m (0.2ms)[0m  [1m[35mBEGIN[0m
  [1m[35m (19.8ms)[0m  [1m[35mCREATE TABLE "deals" ("id" bigserial primary key, "restaurant" character varying, "category" character varying, "content" character varying, "created_at" timestamp(6) NOT NULL, "updated_at" timestamp(6) NOT NULL)[0m
  [1m[36mprimary::SchemaMigration Create (0.8ms)[0m  [1m[32mINSERT INTO "schema_migrations" ("version") VALUES ($1) RETURNING "version"[0m  [["version", "20200924150256"]]
  [1m[35m (0.5ms)[0m  [1m[35mCOMMIT[0m
  [1m[36mActiveRecord::InternalMetadata Load (0.8ms)[0m  [1m[34mSELECT "ar_internal_metadata".* FROM "ar_internal_metadata" WHERE "ar_internal_metadata"."key" = $1 LIMIT $2[0m  [["key", "environment"], ["LIMIT", 1]]
  [1m[35m (0.1ms)[0m  [1m[35mBEGIN[0m
  [1m[36mActiveRecord::InternalMetadata Create (1.1ms)[0m  [1m[32mINSERT INTO "ar_internal_metadata" ("key", "value", "created_at", "updated_at") VALUES ($1, $2, $3, $4) RETURNING "key"[0m  [["key", "environment"], ["value", "development"], ["created_at", "2020-09-24 15:47:45.383670"], ["updated_at", "2020-09-24 15:47:45.383670"]]
  [1m[35m (0.5ms)[0m  [1m[35mCOMMIT[0m
  [1m[35m (0.3ms)[0m  [1m[34mSELECT pg_advisory_unlock(6690879748540136520)[0m
  [1m[35m (1.4ms)[0m  [1m[34mSELECT "schema_migrations"."version" FROM "schema_migrations" ORDER BY "schema_migrations"."version" ASC[0m
  [1m[35m (1.1ms)[0m  [1m[34mSELECT "schema_migrations"."version" FROM "schema_migrations" ORDER BY "schema_migrations"."version" ASC[0m
  [1m[35m (0.1ms)[0m  [1m[35mBEGIN[0m
  [1m[36mDeal Create (1.1ms)[0m  [1m[32mINSERT INTO "deals" ("restaurant", "category", "content", "created_at", "updated_at") VALUES ($1, $2, $3, $4, $5) RETURNING "id"[0m  [["restaurant", "McDonalds"], ["category", "Beverages"], ["content", "Buy any size soft drink for only $1"], ["created_at", "2020-09-24 15:48:13.260850"], ["updated_at", "2020-09-24 15:48:13.260850"]]
  [1m[35m (0.9ms)[0m  [1m[35mCOMMIT[0m
  [1m[35m (0.1ms)[0m  [1m[35mBEGIN[0m
  [1m[36mDeal Create (0.4ms)[0m  [1m[32mINSERT INTO "deals" ("restaurant", "category", "content", "created_at", "updated_at") VALUES ($1, $2, $3, $4, $5) RETURNING "id"[0m  [["restaurant", "Burger King"], ["category", "Burgers"], ["content", "BOGO whoppers, this week only!"], ["created_at", "2020-09-24 15:48:13.266934"], ["updated_at", "2020-09-24 15:48:13.266934"]]
  [1m[35m (0.3ms)[0m  [1m[35mCOMMIT[0m
  [1m[35m (0.2ms)[0m  [1m[35mBEGIN[0m
  [1m[36mDeal Create (0.3ms)[0m  [1m[32mINSERT INTO "deals" ("restaurant", "category", "content", "created_at", "updated_at") VALUES ($1, $2, $3, $4, $5) RETURNING "id"[0m  [["restaurant", "Arbys"], ["category", "Happy Hour"], ["content", "Sliders, small drinks, small fries, small milkshakes, and cookies all for $1 each."], ["created_at", "2020-09-24 15:48:13.271272"], ["updated_at", "2020-09-24 15:48:13.271272"]]
  [1m[35m (0.4ms)[0m  [1m[35mCOMMIT[0m
  [1m[35m (0.1ms)[0m  [1m[35mBEGIN[0m
  [1m[36mDeal Create (0.4ms)[0m  [1m[32mINSERT INTO "deals" ("restaurant", "category", "content", "created_at", "updated_at") VALUES ($1, $2, $3, $4, $5) RETURNING "id"[0m  [["restaurant", "Wendys"], ["category", "Meal Deal"], ["content", "Get a main item of your choosing, small fries, a four piece nugget, and a small drink for only $4"], ["created_at", "2020-09-24 15:48:13.276106"], ["updated_at", "2020-09-24 15:48:13.276106"]]
  [1m[35m (0.4ms)[0m  [1m[35mCOMMIT[0m
  [1m[35m (0.2ms)[0m  [1m[35mBEGIN[0m
  [1m[36mDeal Create (0.3ms)[0m  [1m[32mINSERT INTO "deals" ("restaurant", "category", "content", "created_at", "updated_at") VALUES ($1, $2, $3, $4, $5) RETURNING "id"[0m  [["restaurant", "Taco Bell"], ["category", "Meal Deal"], ["content", "Ask about all of our $5 boxes at any of our locations"], ["created_at", "2020-09-24 15:48:13.280741"], ["updated_at", "2020-09-24 15:48:13.280741"]]
  [1m[35m (0.4ms)[0m  [1m[35mCOMMIT[0m
Started GET "/deals" for ::1 at 2020-09-24 11:51:50 -0400
  [1m[35m (1.2ms)[0m  [1m[34mSELECT "schema_migrations"."version" FROM "schema_migrations" ORDER BY "schema_migrations"."version" ASC[0m
Processing by DealsController#index as HTML
  [1m[36mDeal Load (2.4ms)[0m  [1m[34mSELECT "deals".* FROM "deals"[0m
  ↳ app/controllers/deals_controller.rb:8:in `index'
Completed 200 OK in 157ms (Views: 54.8ms | ActiveRecord: 78.0ms | Allocations: 5419)


Started GET "/deals" for ::1 at 2020-09-24 13:28:45 -0400
Processing by DealsController#index as HTML
  [1m[36mDeal Load (2.9ms)[0m  [1m[34mSELECT "deals".* FROM "deals"[0m
  ↳ app/controllers/deals_controller.rb:8:in `index'
Completed 200 OK in 15ms (Views: 10.1ms | ActiveRecord: 2.9ms | Allocations: 1517)


Started GET "/deals" for ::1 at 2020-09-24 13:40:25 -0400
Processing by DealsController#index as */*
  [1m[36mDeal Load (1.0ms)[0m  [1m[34mSELECT "deals".* FROM "deals"[0m
  ↳ app/controllers/deals_controller.rb:8:in `index'
Completed 200 OK in 4ms (Views: 2.8ms | ActiveRecord: 1.0ms | Allocations: 1519)


Started OPTIONS "/deals" for ::1 at 2020-09-24 13:41:44 -0400
  
ActionController::RoutingError (No route matches [OPTIONS] "/deals"):
  
actionpack (6.0.3.3) lib/action_dispatch/middleware/debug_exceptions.rb:36:in `call'
actionpack (6.0.3.3) lib/action_dispatch/middleware/show_exceptions.rb:33:in `call'
railties (6.0.3.3) lib/rails/rack/logger.rb:37:in `call_app'
railties (6.0.3.3) lib/rails/rack/logger.rb:26:in `block in call'
activesupport (6.0.3.3) lib/active_support/tagged_logging.rb:80:in `block in tagged'
activesupport (6.0.3.3) lib/active_support/tagged_logging.rb:28:in `tagged'
activesupport (6.0.3.3) lib/active_support/tagged_logging.rb:80:in `tagged'
railties (6.0.3.3) lib/rails/rack/logger.rb:26:in `call'
actionpack (6.0.3.3) lib/action_dispatch/middleware/remote_ip.rb:81:in `call'
actionpack (6.0.3.3) lib/action_dispatch/middleware/request_id.rb:27:in `call'
rack (2.2.3) lib/rack/runtime.rb:22:in `call'
activesupport (6.0.3.3) lib/active_support/cache/strategy/local_cache_middleware.rb:29:in `call'
actionpack (6.0.3.3) lib/action_dispatch/middleware/executor.rb:14:in `call'
actionpack (6.0.3.3) lib/action_dispatch/middleware/static.rb:126:in `call'
rack (2.2.3) lib/rack/sendfile.rb:110:in `call'
actionpack (6.0.3.3) lib/action_dispatch/middleware/host_authorization.rb:82:in `call'
railties (6.0.3.3) lib/rails/engine.rb:527:in `call'
puma (4.3.6) lib/puma/configuration.rb:228:in `call'
puma (4.3.6) lib/puma/server.rb:713:in `handle_request'
puma (4.3.6) lib/puma/server.rb:472:in `process_client'
puma (4.3.6) lib/puma/server.rb:328:in `block in run'
puma (4.3.6) lib/puma/thread_pool.rb:134:in `block in spawn_thread'
